<?xml version="1.0" encoding="UTF-8"?>
<testsuite xmlns:xsi="http://www.w3.org/2001/XMLSchema-instance" xsi:noNamespaceSchemaLocation="https://maven.apache.org/surefire/maven-surefire-plugin/xsd/surefire-test-report.xsd" name="com.example.frauddetection.FraudDetectionApplicationTests" time="5.291" tests="1" errors="0" skipped="0" failures="0">
  <properties>
    <property name="sun.desktop" value="windows"/>
    <property name="awt.toolkit" value="sun.awt.windows.WToolkit"/>
    <property name="file.encoding.pkg" value="sun.io"/>
    <property name="java.specification.version" value="1.8"/>
    <property name="sun.cpu.isalist" value="pentium_pro+mmx pentium_pro pentium+mmx pentium i486 i386 i86"/>
    <property name="sun.jnu.encoding" value="Cp1252"/>
    <property name="java.class.path" value="F:\fraud-detection\target\test-classes;F:\fraud-detection\target\classes;C:\Users\Krishna Pradeep\.m2\repository\junit\junit\4.13\junit-4.13.jar;C:\Users\Krishna Pradeep\.m2\repository\org\hamcrest\hamcrest-core\2.2\hamcrest-core-2.2.jar;C:\Users\Krishna Pradeep\.m2\repository\org\springframework\boot\spring-boot-starter-web\2.3.0.RELEASE\spring-boot-starter-web-2.3.0.RELEASE.jar;C:\Users\Krishna Pradeep\.m2\repository\org\springframework\boot\spring-boot-starter\2.3.0.RELEASE\spring-boot-starter-2.3.0.RELEASE.jar;C:\Users\Krishna Pradeep\.m2\repository\org\springframework\boot\spring-boot\2.3.0.RELEASE\spring-boot-2.3.0.RELEASE.jar;C:\Users\Krishna Pradeep\.m2\repository\org\springframework\boot\spring-boot-starter-logging\2.3.0.RELEASE\spring-boot-starter-logging-2.3.0.RELEASE.jar;C:\Users\Krishna Pradeep\.m2\repository\ch\qos\logback\logback-classic\1.2.3\logback-classic-1.2.3.jar;C:\Users\Krishna Pradeep\.m2\repository\ch\qos\logback\logback-core\1.2.3\logback-core-1.2.3.jar;C:\Users\Krishna Pradeep\.m2\repository\org\apache\logging\log4j\log4j-to-slf4j\2.13.2\log4j-to-slf4j-2.13.2.jar;C:\Users\Krishna Pradeep\.m2\repository\org\apache\logging\log4j\log4j-api\2.13.2\log4j-api-2.13.2.jar;C:\Users\Krishna Pradeep\.m2\repository\org\slf4j\jul-to-slf4j\1.7.30\jul-to-slf4j-1.7.30.jar;C:\Users\Krishna Pradeep\.m2\repository\jakarta\annotation\jakarta.annotation-api\1.3.5\jakarta.annotation-api-1.3.5.jar;C:\Users\Krishna Pradeep\.m2\repository\org\yaml\snakeyaml\1.26\snakeyaml-1.26.jar;C:\Users\Krishna Pradeep\.m2\repository\org\springframework\boot\spring-boot-starter-json\2.3.0.RELEASE\spring-boot-starter-json-2.3.0.RELEASE.jar;C:\Users\Krishna Pradeep\.m2\repository\com\fasterxml\jackson\datatype\jackson-datatype-jdk8\2.11.0\jackson-datatype-jdk8-2.11.0.jar;C:\Users\Krishna Pradeep\.m2\repository\com\fasterxml\jackson\datatype\jackson-datatype-jsr310\2.11.0\jackson-datatype-jsr310-2.11.0.jar;C:\Users\Krishna Pradeep\.m2\repository\com\fasterxml\jackson\module\jackson-module-parameter-names\2.11.0\jackson-module-parameter-names-2.11.0.jar;C:\Users\Krishna Pradeep\.m2\repository\org\springframework\boot\spring-boot-starter-tomcat\2.3.0.RELEASE\spring-boot-starter-tomcat-2.3.0.RELEASE.jar;C:\Users\Krishna Pradeep\.m2\repository\org\apache\tomcat\embed\tomcat-embed-core\9.0.35\tomcat-embed-core-9.0.35.jar;C:\Users\Krishna Pradeep\.m2\repository\org\glassfish\jakarta.el\3.0.3\jakarta.el-3.0.3.jar;C:\Users\Krishna Pradeep\.m2\repository\org\apache\tomcat\embed\tomcat-embed-websocket\9.0.35\tomcat-embed-websocket-9.0.35.jar;C:\Users\Krishna Pradeep\.m2\repository\org\springframework\spring-web\5.2.6.RELEASE\spring-web-5.2.6.RELEASE.jar;C:\Users\Krishna Pradeep\.m2\repository\org\springframework\spring-beans\5.2.6.RELEASE\spring-beans-5.2.6.RELEASE.jar;C:\Users\Krishna Pradeep\.m2\repository\org\springframework\spring-webmvc\5.2.6.RELEASE\spring-webmvc-5.2.6.RELEASE.jar;C:\Users\Krishna Pradeep\.m2\repository\org\springframework\spring-aop\5.2.6.RELEASE\spring-aop-5.2.6.RELEASE.jar;C:\Users\Krishna Pradeep\.m2\repository\org\springframework\spring-context\5.2.6.RELEASE\spring-context-5.2.6.RELEASE.jar;C:\Users\Krishna Pradeep\.m2\repository\org\springframework\spring-expression\5.2.6.RELEASE\spring-expression-5.2.6.RELEASE.jar;C:\Users\Krishna Pradeep\.m2\repository\org\springframework\cloud\spring-cloud-stream\3.0.6.RELEASE\spring-cloud-stream-3.0.6.RELEASE.jar;C:\Users\Krishna Pradeep\.m2\repository\org\springframework\boot\spring-boot-starter-validation\2.3.0.RELEASE\spring-boot-starter-validation-2.3.0.RELEASE.jar;C:\Users\Krishna Pradeep\.m2\repository\org\hibernate\validator\hibernate-validator\6.1.5.Final\hibernate-validator-6.1.5.Final.jar;C:\Users\Krishna Pradeep\.m2\repository\jakarta\validation\jakarta.validation-api\2.0.2\jakarta.validation-api-2.0.2.jar;C:\Users\Krishna Pradeep\.m2\repository\org\jboss\logging\jboss-logging\3.4.1.Final\jboss-logging-3.4.1.Final.jar;C:\Users\Krishna Pradeep\.m2\repository\com\fasterxml\classmate\1.5.1\classmate-1.5.1.jar;C:\Users\Krishna Pradeep\.m2\repository\org\springframework\spring-messaging\5.2.6.RELEASE\spring-messaging-5.2.6.RELEASE.jar;C:\Users\Krishna Pradeep\.m2\repository\org\springframework\integration\spring-integration-core\5.3.0.RELEASE\spring-integration-core-5.3.0.RELEASE.jar;C:\Users\Krishna Pradeep\.m2\repository\org\springframework\spring-tx\5.2.6.RELEASE\spring-tx-5.2.6.RELEASE.jar;C:\Users\Krishna Pradeep\.m2\repository\io\projectreactor\reactor-core\3.3.5.RELEASE\reactor-core-3.3.5.RELEASE.jar;C:\Users\Krishna Pradeep\.m2\repository\org\reactivestreams\reactive-streams\1.0.3\reactive-streams-1.0.3.jar;C:\Users\Krishna Pradeep\.m2\repository\org\springframework\integration\spring-integration-jmx\5.3.0.RELEASE\spring-integration-jmx-5.3.0.RELEASE.jar;C:\Users\Krishna Pradeep\.m2\repository\org\springframework\retry\spring-retry\1.2.5.RELEASE\spring-retry-1.2.5.RELEASE.jar;C:\Users\Krishna Pradeep\.m2\repository\org\springframework\cloud\spring-cloud-function-context\3.0.8.RELEASE\spring-cloud-function-context-3.0.8.RELEASE.jar;C:\Users\Krishna Pradeep\.m2\repository\net\jodah\typetools\0.6.2\typetools-0.6.2.jar;C:\Users\Krishna Pradeep\.m2\repository\org\springframework\cloud\spring-cloud-function-core\3.0.8.RELEASE\spring-cloud-function-core-3.0.8.RELEASE.jar;C:\Users\Krishna Pradeep\.m2\repository\org\springframework\cloud\spring-cloud-starter-stream-rabbit\3.0.6.RELEASE\spring-cloud-starter-stream-rabbit-3.0.6.RELEASE.jar;C:\Users\Krishna Pradeep\.m2\repository\org\springframework\cloud\spring-cloud-stream-binder-rabbit\3.0.6.RELEASE\spring-cloud-stream-binder-rabbit-3.0.6.RELEASE.jar;C:\Users\Krishna Pradeep\.m2\repository\org\springframework\cloud\spring-cloud-stream-binder-rabbit-core\3.0.6.RELEASE\spring-cloud-stream-binder-rabbit-core-3.0.6.RELEASE.jar;C:\Users\Krishna Pradeep\.m2\repository\org\springframework\integration\spring-integration-amqp\5.3.0.RELEASE\spring-integration-amqp-5.3.0.RELEASE.jar;C:\Users\Krishna Pradeep\.m2\repository\com\rabbitmq\http-client\2.1.0.RELEASE\http-client-2.1.0.RELEASE.jar;C:\Users\Krishna Pradeep\.m2\repository\org\springframework\boot\spring-boot-starter-amqp\2.3.0.RELEASE\spring-boot-starter-amqp-2.3.0.RELEASE.jar;C:\Users\Krishna Pradeep\.m2\repository\org\springframework\amqp\spring-rabbit\2.2.6.RELEASE\spring-rabbit-2.2.6.RELEASE.jar;C:\Users\Krishna Pradeep\.m2\repository\com\rabbitmq\amqp-client\5.9.0\amqp-client-5.9.0.jar;C:\Users\Krishna Pradeep\.m2\repository\org\springframework\amqp\spring-amqp\2.2.6.RELEASE\spring-amqp-2.2.6.RELEASE.jar;C:\Users\Krishna Pradeep\.m2\repository\org\apache\httpcomponents\httpclient\4.5.12\httpclient-4.5.12.jar;C:\Users\Krishna Pradeep\.m2\repository\org\apache\httpcomponents\httpcore\4.4.13\httpcore-4.4.13.jar;C:\Users\Krishna Pradeep\.m2\repository\commons-codec\commons-codec\1.14\commons-codec-1.14.jar;C:\Users\Krishna Pradeep\.m2\repository\org\projectlombok\lombok\1.18.12\lombok-1.18.12.jar;C:\Users\Krishna Pradeep\.m2\repository\org\springframework\boot\spring-boot-starter-test\2.3.0.RELEASE\spring-boot-starter-test-2.3.0.RELEASE.jar;C:\Users\Krishna Pradeep\.m2\repository\org\springframework\boot\spring-boot-test\2.3.0.RELEASE\spring-boot-test-2.3.0.RELEASE.jar;C:\Users\Krishna Pradeep\.m2\repository\org\springframework\boot\spring-boot-test-autoconfigure\2.3.0.RELEASE\spring-boot-test-autoconfigure-2.3.0.RELEASE.jar;C:\Users\Krishna Pradeep\.m2\repository\com\jayway\jsonpath\json-path\2.4.0\json-path-2.4.0.jar;C:\Users\Krishna Pradeep\.m2\repository\net\minidev\json-smart\2.3\json-smart-2.3.jar;C:\Users\Krishna Pradeep\.m2\repository\net\minidev\accessors-smart\1.2\accessors-smart-1.2.jar;C:\Users\Krishna Pradeep\.m2\repository\org\slf4j\slf4j-api\1.7.30\slf4j-api-1.7.30.jar;C:\Users\Krishna Pradeep\.m2\repository\jakarta\xml\bind\jakarta.xml.bind-api\2.3.3\jakarta.xml.bind-api-2.3.3.jar;C:\Users\Krishna Pradeep\.m2\repository\jakarta\activation\jakarta.activation-api\1.2.2\jakarta.activation-api-1.2.2.jar;C:\Users\Krishna Pradeep\.m2\repository\org\assertj\assertj-core\3.16.1\assertj-core-3.16.1.jar;C:\Users\Krishna Pradeep\.m2\repository\org\hamcrest\hamcrest\2.2\hamcrest-2.2.jar;C:\Users\Krishna Pradeep\.m2\repository\org\junit\jupiter\junit-jupiter\5.6.2\junit-jupiter-5.6.2.jar;C:\Users\Krishna Pradeep\.m2\repository\org\junit\jupiter\junit-jupiter-api\5.6.2\junit-jupiter-api-5.6.2.jar;C:\Users\Krishna Pradeep\.m2\repository\org\apiguardian\apiguardian-api\1.1.0\apiguardian-api-1.1.0.jar;C:\Users\Krishna Pradeep\.m2\repository\org\opentest4j\opentest4j\1.2.0\opentest4j-1.2.0.jar;C:\Users\Krishna Pradeep\.m2\repository\org\junit\platform\junit-platform-commons\1.6.2\junit-platform-commons-1.6.2.jar;C:\Users\Krishna Pradeep\.m2\repository\org\junit\jupiter\junit-jupiter-params\5.6.2\junit-jupiter-params-5.6.2.jar;C:\Users\Krishna Pradeep\.m2\repository\org\junit\jupiter\junit-jupiter-engine\5.6.2\junit-jupiter-engine-5.6.2.jar;C:\Users\Krishna Pradeep\.m2\repository\org\junit\platform\junit-platform-engine\1.6.2\junit-platform-engine-1.6.2.jar;C:\Users\Krishna Pradeep\.m2\repository\org\mockito\mockito-core\3.3.3\mockito-core-3.3.3.jar;C:\Users\Krishna Pradeep\.m2\repository\net\bytebuddy\byte-buddy\1.10.10\byte-buddy-1.10.10.jar;C:\Users\Krishna Pradeep\.m2\repository\net\bytebuddy\byte-buddy-agent\1.10.10\byte-buddy-agent-1.10.10.jar;C:\Users\Krishna Pradeep\.m2\repository\org\objenesis\objenesis\2.6\objenesis-2.6.jar;C:\Users\Krishna Pradeep\.m2\repository\org\mockito\mockito-junit-jupiter\3.3.3\mockito-junit-jupiter-3.3.3.jar;C:\Users\Krishna Pradeep\.m2\repository\org\skyscreamer\jsonassert\1.5.0\jsonassert-1.5.0.jar;C:\Users\Krishna Pradeep\.m2\repository\com\vaadin\external\google\android-json\0.0.20131108.vaadin1\android-json-0.0.20131108.vaadin1.jar;C:\Users\Krishna Pradeep\.m2\repository\org\springframework\spring-core\5.2.6.RELEASE\spring-core-5.2.6.RELEASE.jar;C:\Users\Krishna Pradeep\.m2\repository\org\springframework\spring-jcl\5.2.6.RELEASE\spring-jcl-5.2.6.RELEASE.jar;C:\Users\Krishna Pradeep\.m2\repository\org\springframework\spring-test\5.2.6.RELEASE\spring-test-5.2.6.RELEASE.jar;C:\Users\Krishna Pradeep\.m2\repository\org\xmlunit\xmlunit-core\2.7.0\xmlunit-core-2.7.0.jar;C:\Users\Krishna Pradeep\.m2\repository\org\springframework\cloud\spring-cloud-starter-contract-stub-runner\2.2.3.RELEASE\spring-cloud-starter-contract-stub-runner-2.2.3.RELEASE.jar;C:\Users\Krishna Pradeep\.m2\repository\org\springframework\cloud\spring-cloud-contract-stub-runner\2.2.3.RELEASE\spring-cloud-contract-stub-runner-2.2.3.RELEASE.jar;C:\Users\Krishna Pradeep\.m2\repository\org\springframework\cloud\spring-cloud-contract-shade\2.2.3.RELEASE\spring-cloud-contract-shade-2.2.3.RELEASE.jar;C:\Users\Krishna Pradeep\.m2\repository\org\springframework\cloud\spring-cloud-contract-converters\2.2.3.RELEASE\spring-cloud-contract-converters-2.2.3.RELEASE.jar;C:\Users\Krishna Pradeep\.m2\repository\org\springframework\cloud\spring-cloud-contract-spec\2.2.3.RELEASE\spring-cloud-contract-spec-2.2.3.RELEASE.jar;C:\Users\Krishna Pradeep\.m2\repository\org\springframework\cloud\spring-cloud-contract-spec-java\2.2.3.RELEASE\spring-cloud-contract-spec-java-2.2.3.RELEASE.jar;C:\Users\Krishna Pradeep\.m2\repository\dk\brics\automaton\automaton\1.11-8\automaton-1.11-8.jar;C:\Users\Krishna Pradeep\.m2\repository\org\apache\commons\commons-text\1.7\commons-text-1.7.jar;C:\Users\Krishna Pradeep\.m2\repository\org\springframework\cloud\spring-cloud-contract-spec-groovy\2.2.3.RELEASE\spring-cloud-contract-spec-groovy-2.2.3.RELEASE.jar;C:\Users\Krishna Pradeep\.m2\repository\org\eclipse\jgit\org.eclipse.jgit\5.1.3.201810200350-r\org.eclipse.jgit-5.1.3.201810200350-r.jar;C:\Users\Krishna Pradeep\.m2\repository\com\jcraft\jsch\0.1.54\jsch-0.1.54.jar;C:\Users\Krishna Pradeep\.m2\repository\com\jcraft\jzlib\1.1.1\jzlib-1.1.1.jar;C:\Users\Krishna Pradeep\.m2\repository\com\googlecode\javaewah\JavaEWAH\1.1.6\JavaEWAH-1.1.6.jar;C:\Users\Krishna Pradeep\.m2\repository\com\jcraft\jsch.agentproxy.sshagent\0.0.9\jsch.agentproxy.sshagent-0.0.9.jar;C:\Users\Krishna Pradeep\.m2\repository\com\jcraft\jsch.agentproxy.core\0.0.9\jsch.agentproxy.core-0.0.9.jar;C:\Users\Krishna Pradeep\.m2\repository\com\jcraft\jsch.agentproxy.jsch\0.0.9\jsch.agentproxy.jsch-0.0.9.jar;C:\Users\Krishna Pradeep\.m2\repository\com\jcraft\jsch.agentproxy.usocket-jna\0.0.9\jsch.agentproxy.usocket-jna-0.0.9.jar;C:\Users\Krishna Pradeep\.m2\repository\net\java\dev\jna\jna\4.1.0\jna-4.1.0.jar;C:\Users\Krishna Pradeep\.m2\repository\net\java\dev\jna\jna-platform\4.1.0\jna-platform-4.1.0.jar;C:\Users\Krishna Pradeep\.m2\repository\org\springframework\cloud\spring-cloud-contract-wiremock\2.2.3.RELEASE\spring-cloud-contract-wiremock-2.2.3.RELEASE.jar;C:\Users\Krishna Pradeep\.m2\repository\com\github\tomakehurst\wiremock-jre8-standalone\2.26.2\wiremock-jre8-standalone-2.26.2.jar;C:\Users\Krishna Pradeep\.m2\repository\org\apache\maven\resolver\maven-resolver-api\1.3.3\maven-resolver-api-1.3.3.jar;C:\Users\Krishna Pradeep\.m2\repository\org\springframework\cloud\spring-cloud-starter-contract-verifier\2.2.3.RELEASE\spring-cloud-starter-contract-verifier-2.2.3.RELEASE.jar;C:\Users\Krishna Pradeep\.m2\repository\org\springframework\cloud\spring-cloud-contract-verifier\2.2.3.RELEASE\spring-cloud-contract-verifier-2.2.3.RELEASE.jar;C:\Users\Krishna Pradeep\.m2\repository\javax\inject\javax.inject\1\javax.inject-1.jar;C:\Users\Krishna Pradeep\.m2\repository\com\rackspace\eclipse\webtools\sourceediting\org.eclipse.wst.xml.xpath2.processor\2.1.100\org.eclipse.wst.xml.xpath2.processor-2.1.100.jar;C:\Users\Krishna Pradeep\.m2\repository\edu\princeton\cup\java-cup\10k\java-cup-10k.jar;C:\Users\Krishna Pradeep\.m2\repository\com\ibm\icu\icu4j\4.6\icu4j-4.6.jar;C:\Users\Krishna Pradeep\.m2\repository\org\codehaus\groovy\groovy\2.5.11\groovy-2.5.11.jar;C:\Users\Krishna Pradeep\.m2\repository\org\codehaus\groovy\groovy-nio\2.5.11\groovy-nio-2.5.11.jar;C:\Users\Krishna Pradeep\.m2\repository\org\codehaus\groovy\groovy-json\2.5.11\groovy-json-2.5.11.jar;C:\Users\Krishna Pradeep\.m2\repository\org\codehaus\groovy\groovy-xml\2.5.11\groovy-xml-2.5.11.jar;C:\Users\Krishna Pradeep\.m2\repository\com\github\jknack\handlebars\4.1.2\handlebars-4.1.2.jar;C:\Users\Krishna Pradeep\.m2\repository\commons-beanutils\commons-beanutils\1.9.4\commons-beanutils-1.9.4.jar;C:\Users\Krishna Pradeep\.m2\repository\commons-logging\commons-logging\1.2\commons-logging-1.2.jar;C:\Users\Krishna Pradeep\.m2\repository\commons-collections\commons-collections\3.2.2\commons-collections-3.2.2.jar;C:\Users\Krishna Pradeep\.m2\repository\com\fasterxml\jackson\dataformat\jackson-dataformat-yaml\2.11.0\jackson-dataformat-yaml-2.11.0.jar;C:\Users\Krishna Pradeep\.m2\repository\org\springframework\cloud\spring-cloud-function-compiler\3.0.8.RELEASE\spring-cloud-function-compiler-3.0.8.RELEASE.jar;C:\Users\Krishna Pradeep\.m2\repository\org\eclipse\jdt\core\compiler\ecj\4.4.2\ecj-4.4.2.jar;C:\Users\Krishna Pradeep\.m2\repository\io\rest-assured\rest-assured\3.3.0\rest-assured-3.3.0.jar;C:\Users\Krishna Pradeep\.m2\repository\org\apache\httpcomponents\httpmime\4.5.12\httpmime-4.5.12.jar;C:\Users\Krishna Pradeep\.m2\repository\org\hamcrest\hamcrest-library\2.2\hamcrest-library-2.2.jar;C:\Users\Krishna Pradeep\.m2\repository\org\ccil\cowan\tagsoup\tagsoup\1.2.1\tagsoup-1.2.1.jar;C:\Users\Krishna Pradeep\.m2\repository\io\rest-assured\json-path\3.3.0\json-path-3.3.0.jar;C:\Users\Krishna Pradeep\.m2\repository\io\rest-assured\rest-assured-common\3.3.0\rest-assured-common-3.3.0.jar;C:\Users\Krishna Pradeep\.m2\repository\io\rest-assured\xml-path\3.3.0\xml-path-3.3.0.jar;C:\Users\Krishna Pradeep\.m2\repository\org\apache\commons\commons-lang3\3.10\commons-lang3-3.10.jar;C:\Users\Krishna Pradeep\.m2\repository\javax\xml\bind\jaxb-api\2.3.1\jaxb-api-2.3.1.jar;C:\Users\Krishna Pradeep\.m2\repository\javax\activation\javax.activation-api\1.2.0\javax.activation-api-1.2.0.jar;C:\Users\Krishna Pradeep\.m2\repository\com\sun\xml\bind\jaxb-osgi\2.2.10\jaxb-osgi-2.2.10.jar;C:\Users\Krishna Pradeep\.m2\repository\org\apache\sling\org.apache.sling.javax.activation\0.1.0\org.apache.sling.javax.activation-0.1.0.jar;C:\Users\Krishna Pradeep\.m2\repository\javax\activation\activation\1.1.1\activation-1.1.1.jar;C:\Users\Krishna Pradeep\.m2\repository\io\rest-assured\spring-mock-mvc\3.3.0\spring-mock-mvc-3.3.0.jar;C:\Users\Krishna Pradeep\.m2\repository\io\rest-assured\spring-commons\3.3.0\spring-commons-3.3.0.jar;C:\Users\Krishna Pradeep\.m2\repository\com\toomuchcoding\jsonassert\jsonassert\0.4.14\jsonassert-0.4.14.jar;C:\Users\Krishna Pradeep\.m2\repository\cglib\cglib\3.2.9\cglib-3.2.9.jar;C:\Users\Krishna Pradeep\.m2\repository\org\ow2\asm\asm\7.0\asm-7.0.jar;C:\Users\Krishna Pradeep\.m2\repository\org\apache\ant\ant\1.10.3\ant-1.10.3.jar;C:\Users\Krishna Pradeep\.m2\repository\org\apache\ant\ant-launcher\1.10.3\ant-launcher-1.10.3.jar;C:\Users\Krishna Pradeep\.m2\repository\org\springframework\cloud\spring-cloud-stream-test-support\3.0.6.RELEASE\spring-cloud-stream-test-support-3.0.6.RELEASE.jar;C:\Users\Krishna Pradeep\.m2\repository\org\springframework\boot\spring-boot-autoconfigure\2.3.0.RELEASE\spring-boot-autoconfigure-2.3.0.RELEASE.jar;C:\Users\Krishna Pradeep\.m2\repository\com\fasterxml\jackson\core\jackson-databind\2.11.0\jackson-databind-2.11.0.jar;C:\Users\Krishna Pradeep\.m2\repository\com\fasterxml\jackson\core\jackson-annotations\2.11.0\jackson-annotations-2.11.0.jar;C:\Users\Krishna Pradeep\.m2\repository\com\fasterxml\jackson\core\jackson-core\2.11.0\jackson-core-2.11.0.jar;"/>
    <property name="java.vm.vendor" value="Oracle Corporation"/>
    <property name="sun.arch.data.model" value="32"/>
    <property name="user.variant" value=""/>
    <property name="java.vendor.url" value="http://java.oracle.com/"/>
    <property name="user.timezone" value="Asia/Calcutta"/>
    <property name="java.vm.specification.version" value="1.8"/>
    <property name="os.name" value="Windows 8.1"/>
    <property name="user.country" value="US"/>
    <property name="sun.java.launcher" value="SUN_STANDARD"/>
    <property name="sun.boot.library.path" value="C:\Program Files (x86)\Java\jdk1.8.0\jre\bin"/>
    <property name="sun.java.command" value="C:\Users\KRISHN~1\AppData\Local\Temp\surefire5667902095435545333\surefirebooter3727477832185141660.jar C:\Users\Krishna Pradeep\AppData\Local\Temp\surefire5667902095435545333 2020-07-06T17-26-29_866-jvmRun1 surefire1472442110392679749tmp surefire_03549487737319721776tmp"/>
    <property name="surefire.test.class.path" value="F:\fraud-detection\target\test-classes;F:\fraud-detection\target\classes;C:\Users\Krishna Pradeep\.m2\repository\junit\junit\4.13\junit-4.13.jar;C:\Users\Krishna Pradeep\.m2\repository\org\hamcrest\hamcrest-core\2.2\hamcrest-core-2.2.jar;C:\Users\Krishna Pradeep\.m2\repository\org\springframework\boot\spring-boot-starter-web\2.3.0.RELEASE\spring-boot-starter-web-2.3.0.RELEASE.jar;C:\Users\Krishna Pradeep\.m2\repository\org\springframework\boot\spring-boot-starter\2.3.0.RELEASE\spring-boot-starter-2.3.0.RELEASE.jar;C:\Users\Krishna Pradeep\.m2\repository\org\springframework\boot\spring-boot\2.3.0.RELEASE\spring-boot-2.3.0.RELEASE.jar;C:\Users\Krishna Pradeep\.m2\repository\org\springframework\boot\spring-boot-starter-logging\2.3.0.RELEASE\spring-boot-starter-logging-2.3.0.RELEASE.jar;C:\Users\Krishna Pradeep\.m2\repository\ch\qos\logback\logback-classic\1.2.3\logback-classic-1.2.3.jar;C:\Users\Krishna Pradeep\.m2\repository\ch\qos\logback\logback-core\1.2.3\logback-core-1.2.3.jar;C:\Users\Krishna Pradeep\.m2\repository\org\apache\logging\log4j\log4j-to-slf4j\2.13.2\log4j-to-slf4j-2.13.2.jar;C:\Users\Krishna Pradeep\.m2\repository\org\apache\logging\log4j\log4j-api\2.13.2\log4j-api-2.13.2.jar;C:\Users\Krishna Pradeep\.m2\repository\org\slf4j\jul-to-slf4j\1.7.30\jul-to-slf4j-1.7.30.jar;C:\Users\Krishna Pradeep\.m2\repository\jakarta\annotation\jakarta.annotation-api\1.3.5\jakarta.annotation-api-1.3.5.jar;C:\Users\Krishna Pradeep\.m2\repository\org\yaml\snakeyaml\1.26\snakeyaml-1.26.jar;C:\Users\Krishna Pradeep\.m2\repository\org\springframework\boot\spring-boot-starter-json\2.3.0.RELEASE\spring-boot-starter-json-2.3.0.RELEASE.jar;C:\Users\Krishna Pradeep\.m2\repository\com\fasterxml\jackson\datatype\jackson-datatype-jdk8\2.11.0\jackson-datatype-jdk8-2.11.0.jar;C:\Users\Krishna Pradeep\.m2\repository\com\fasterxml\jackson\datatype\jackson-datatype-jsr310\2.11.0\jackson-datatype-jsr310-2.11.0.jar;C:\Users\Krishna Pradeep\.m2\repository\com\fasterxml\jackson\module\jackson-module-parameter-names\2.11.0\jackson-module-parameter-names-2.11.0.jar;C:\Users\Krishna Pradeep\.m2\repository\org\springframework\boot\spring-boot-starter-tomcat\2.3.0.RELEASE\spring-boot-starter-tomcat-2.3.0.RELEASE.jar;C:\Users\Krishna Pradeep\.m2\repository\org\apache\tomcat\embed\tomcat-embed-core\9.0.35\tomcat-embed-core-9.0.35.jar;C:\Users\Krishna Pradeep\.m2\repository\org\glassfish\jakarta.el\3.0.3\jakarta.el-3.0.3.jar;C:\Users\Krishna Pradeep\.m2\repository\org\apache\tomcat\embed\tomcat-embed-websocket\9.0.35\tomcat-embed-websocket-9.0.35.jar;C:\Users\Krishna Pradeep\.m2\repository\org\springframework\spring-web\5.2.6.RELEASE\spring-web-5.2.6.RELEASE.jar;C:\Users\Krishna Pradeep\.m2\repository\org\springframework\spring-beans\5.2.6.RELEASE\spring-beans-5.2.6.RELEASE.jar;C:\Users\Krishna Pradeep\.m2\repository\org\springframework\spring-webmvc\5.2.6.RELEASE\spring-webmvc-5.2.6.RELEASE.jar;C:\Users\Krishna Pradeep\.m2\repository\org\springframework\spring-aop\5.2.6.RELEASE\spring-aop-5.2.6.RELEASE.jar;C:\Users\Krishna Pradeep\.m2\repository\org\springframework\spring-context\5.2.6.RELEASE\spring-context-5.2.6.RELEASE.jar;C:\Users\Krishna Pradeep\.m2\repository\org\springframework\spring-expression\5.2.6.RELEASE\spring-expression-5.2.6.RELEASE.jar;C:\Users\Krishna Pradeep\.m2\repository\org\springframework\cloud\spring-cloud-stream\3.0.6.RELEASE\spring-cloud-stream-3.0.6.RELEASE.jar;C:\Users\Krishna Pradeep\.m2\repository\org\springframework\boot\spring-boot-starter-validation\2.3.0.RELEASE\spring-boot-starter-validation-2.3.0.RELEASE.jar;C:\Users\Krishna Pradeep\.m2\repository\org\hibernate\validator\hibernate-validator\6.1.5.Final\hibernate-validator-6.1.5.Final.jar;C:\Users\Krishna Pradeep\.m2\repository\jakarta\validation\jakarta.validation-api\2.0.2\jakarta.validation-api-2.0.2.jar;C:\Users\Krishna Pradeep\.m2\repository\org\jboss\logging\jboss-logging\3.4.1.Final\jboss-logging-3.4.1.Final.jar;C:\Users\Krishna Pradeep\.m2\repository\com\fasterxml\classmate\1.5.1\classmate-1.5.1.jar;C:\Users\Krishna Pradeep\.m2\repository\org\springframework\spring-messaging\5.2.6.RELEASE\spring-messaging-5.2.6.RELEASE.jar;C:\Users\Krishna Pradeep\.m2\repository\org\springframework\integration\spring-integration-core\5.3.0.RELEASE\spring-integration-core-5.3.0.RELEASE.jar;C:\Users\Krishna Pradeep\.m2\repository\org\springframework\spring-tx\5.2.6.RELEASE\spring-tx-5.2.6.RELEASE.jar;C:\Users\Krishna Pradeep\.m2\repository\io\projectreactor\reactor-core\3.3.5.RELEASE\reactor-core-3.3.5.RELEASE.jar;C:\Users\Krishna Pradeep\.m2\repository\org\reactivestreams\reactive-streams\1.0.3\reactive-streams-1.0.3.jar;C:\Users\Krishna Pradeep\.m2\repository\org\springframework\integration\spring-integration-jmx\5.3.0.RELEASE\spring-integration-jmx-5.3.0.RELEASE.jar;C:\Users\Krishna Pradeep\.m2\repository\org\springframework\retry\spring-retry\1.2.5.RELEASE\spring-retry-1.2.5.RELEASE.jar;C:\Users\Krishna Pradeep\.m2\repository\org\springframework\cloud\spring-cloud-function-context\3.0.8.RELEASE\spring-cloud-function-context-3.0.8.RELEASE.jar;C:\Users\Krishna Pradeep\.m2\repository\net\jodah\typetools\0.6.2\typetools-0.6.2.jar;C:\Users\Krishna Pradeep\.m2\repository\org\springframework\cloud\spring-cloud-function-core\3.0.8.RELEASE\spring-cloud-function-core-3.0.8.RELEASE.jar;C:\Users\Krishna Pradeep\.m2\repository\org\springframework\cloud\spring-cloud-starter-stream-rabbit\3.0.6.RELEASE\spring-cloud-starter-stream-rabbit-3.0.6.RELEASE.jar;C:\Users\Krishna Pradeep\.m2\repository\org\springframework\cloud\spring-cloud-stream-binder-rabbit\3.0.6.RELEASE\spring-cloud-stream-binder-rabbit-3.0.6.RELEASE.jar;C:\Users\Krishna Pradeep\.m2\repository\org\springframework\cloud\spring-cloud-stream-binder-rabbit-core\3.0.6.RELEASE\spring-cloud-stream-binder-rabbit-core-3.0.6.RELEASE.jar;C:\Users\Krishna Pradeep\.m2\repository\org\springframework\integration\spring-integration-amqp\5.3.0.RELEASE\spring-integration-amqp-5.3.0.RELEASE.jar;C:\Users\Krishna Pradeep\.m2\repository\com\rabbitmq\http-client\2.1.0.RELEASE\http-client-2.1.0.RELEASE.jar;C:\Users\Krishna Pradeep\.m2\repository\org\springframework\boot\spring-boot-starter-amqp\2.3.0.RELEASE\spring-boot-starter-amqp-2.3.0.RELEASE.jar;C:\Users\Krishna Pradeep\.m2\repository\org\springframework\amqp\spring-rabbit\2.2.6.RELEASE\spring-rabbit-2.2.6.RELEASE.jar;C:\Users\Krishna Pradeep\.m2\repository\com\rabbitmq\amqp-client\5.9.0\amqp-client-5.9.0.jar;C:\Users\Krishna Pradeep\.m2\repository\org\springframework\amqp\spring-amqp\2.2.6.RELEASE\spring-amqp-2.2.6.RELEASE.jar;C:\Users\Krishna Pradeep\.m2\repository\org\apache\httpcomponents\httpclient\4.5.12\httpclient-4.5.12.jar;C:\Users\Krishna Pradeep\.m2\repository\org\apache\httpcomponents\httpcore\4.4.13\httpcore-4.4.13.jar;C:\Users\Krishna Pradeep\.m2\repository\commons-codec\commons-codec\1.14\commons-codec-1.14.jar;C:\Users\Krishna Pradeep\.m2\repository\org\projectlombok\lombok\1.18.12\lombok-1.18.12.jar;C:\Users\Krishna Pradeep\.m2\repository\org\springframework\boot\spring-boot-starter-test\2.3.0.RELEASE\spring-boot-starter-test-2.3.0.RELEASE.jar;C:\Users\Krishna Pradeep\.m2\repository\org\springframework\boot\spring-boot-test\2.3.0.RELEASE\spring-boot-test-2.3.0.RELEASE.jar;C:\Users\Krishna Pradeep\.m2\repository\org\springframework\boot\spring-boot-test-autoconfigure\2.3.0.RELEASE\spring-boot-test-autoconfigure-2.3.0.RELEASE.jar;C:\Users\Krishna Pradeep\.m2\repository\com\jayway\jsonpath\json-path\2.4.0\json-path-2.4.0.jar;C:\Users\Krishna Pradeep\.m2\repository\net\minidev\json-smart\2.3\json-smart-2.3.jar;C:\Users\Krishna Pradeep\.m2\repository\net\minidev\accessors-smart\1.2\accessors-smart-1.2.jar;C:\Users\Krishna Pradeep\.m2\repository\org\slf4j\slf4j-api\1.7.30\slf4j-api-1.7.30.jar;C:\Users\Krishna Pradeep\.m2\repository\jakarta\xml\bind\jakarta.xml.bind-api\2.3.3\jakarta.xml.bind-api-2.3.3.jar;C:\Users\Krishna Pradeep\.m2\repository\jakarta\activation\jakarta.activation-api\1.2.2\jakarta.activation-api-1.2.2.jar;C:\Users\Krishna Pradeep\.m2\repository\org\assertj\assertj-core\3.16.1\assertj-core-3.16.1.jar;C:\Users\Krishna Pradeep\.m2\repository\org\hamcrest\hamcrest\2.2\hamcrest-2.2.jar;C:\Users\Krishna Pradeep\.m2\repository\org\junit\jupiter\junit-jupiter\5.6.2\junit-jupiter-5.6.2.jar;C:\Users\Krishna Pradeep\.m2\repository\org\junit\jupiter\junit-jupiter-api\5.6.2\junit-jupiter-api-5.6.2.jar;C:\Users\Krishna Pradeep\.m2\repository\org\apiguardian\apiguardian-api\1.1.0\apiguardian-api-1.1.0.jar;C:\Users\Krishna Pradeep\.m2\repository\org\opentest4j\opentest4j\1.2.0\opentest4j-1.2.0.jar;C:\Users\Krishna Pradeep\.m2\repository\org\junit\platform\junit-platform-commons\1.6.2\junit-platform-commons-1.6.2.jar;C:\Users\Krishna Pradeep\.m2\repository\org\junit\jupiter\junit-jupiter-params\5.6.2\junit-jupiter-params-5.6.2.jar;C:\Users\Krishna Pradeep\.m2\repository\org\junit\jupiter\junit-jupiter-engine\5.6.2\junit-jupiter-engine-5.6.2.jar;C:\Users\Krishna Pradeep\.m2\repository\org\junit\platform\junit-platform-engine\1.6.2\junit-platform-engine-1.6.2.jar;C:\Users\Krishna Pradeep\.m2\repository\org\mockito\mockito-core\3.3.3\mockito-core-3.3.3.jar;C:\Users\Krishna Pradeep\.m2\repository\net\bytebuddy\byte-buddy\1.10.10\byte-buddy-1.10.10.jar;C:\Users\Krishna Pradeep\.m2\repository\net\bytebuddy\byte-buddy-agent\1.10.10\byte-buddy-agent-1.10.10.jar;C:\Users\Krishna Pradeep\.m2\repository\org\objenesis\objenesis\2.6\objenesis-2.6.jar;C:\Users\Krishna Pradeep\.m2\repository\org\mockito\mockito-junit-jupiter\3.3.3\mockito-junit-jupiter-3.3.3.jar;C:\Users\Krishna Pradeep\.m2\repository\org\skyscreamer\jsonassert\1.5.0\jsonassert-1.5.0.jar;C:\Users\Krishna Pradeep\.m2\repository\com\vaadin\external\google\android-json\0.0.20131108.vaadin1\android-json-0.0.20131108.vaadin1.jar;C:\Users\Krishna Pradeep\.m2\repository\org\springframework\spring-core\5.2.6.RELEASE\spring-core-5.2.6.RELEASE.jar;C:\Users\Krishna Pradeep\.m2\repository\org\springframework\spring-jcl\5.2.6.RELEASE\spring-jcl-5.2.6.RELEASE.jar;C:\Users\Krishna Pradeep\.m2\repository\org\springframework\spring-test\5.2.6.RELEASE\spring-test-5.2.6.RELEASE.jar;C:\Users\Krishna Pradeep\.m2\repository\org\xmlunit\xmlunit-core\2.7.0\xmlunit-core-2.7.0.jar;C:\Users\Krishna Pradeep\.m2\repository\org\springframework\cloud\spring-cloud-starter-contract-stub-runner\2.2.3.RELEASE\spring-cloud-starter-contract-stub-runner-2.2.3.RELEASE.jar;C:\Users\Krishna Pradeep\.m2\repository\org\springframework\cloud\spring-cloud-contract-stub-runner\2.2.3.RELEASE\spring-cloud-contract-stub-runner-2.2.3.RELEASE.jar;C:\Users\Krishna Pradeep\.m2\repository\org\springframework\cloud\spring-cloud-contract-shade\2.2.3.RELEASE\spring-cloud-contract-shade-2.2.3.RELEASE.jar;C:\Users\Krishna Pradeep\.m2\repository\org\springframework\cloud\spring-cloud-contract-converters\2.2.3.RELEASE\spring-cloud-contract-converters-2.2.3.RELEASE.jar;C:\Users\Krishna Pradeep\.m2\repository\org\springframework\cloud\spring-cloud-contract-spec\2.2.3.RELEASE\spring-cloud-contract-spec-2.2.3.RELEASE.jar;C:\Users\Krishna Pradeep\.m2\repository\org\springframework\cloud\spring-cloud-contract-spec-java\2.2.3.RELEASE\spring-cloud-contract-spec-java-2.2.3.RELEASE.jar;C:\Users\Krishna Pradeep\.m2\repository\dk\brics\automaton\automaton\1.11-8\automaton-1.11-8.jar;C:\Users\Krishna Pradeep\.m2\repository\org\apache\commons\commons-text\1.7\commons-text-1.7.jar;C:\Users\Krishna Pradeep\.m2\repository\org\springframework\cloud\spring-cloud-contract-spec-groovy\2.2.3.RELEASE\spring-cloud-contract-spec-groovy-2.2.3.RELEASE.jar;C:\Users\Krishna Pradeep\.m2\repository\org\eclipse\jgit\org.eclipse.jgit\5.1.3.201810200350-r\org.eclipse.jgit-5.1.3.201810200350-r.jar;C:\Users\Krishna Pradeep\.m2\repository\com\jcraft\jsch\0.1.54\jsch-0.1.54.jar;C:\Users\Krishna Pradeep\.m2\repository\com\jcraft\jzlib\1.1.1\jzlib-1.1.1.jar;C:\Users\Krishna Pradeep\.m2\repository\com\googlecode\javaewah\JavaEWAH\1.1.6\JavaEWAH-1.1.6.jar;C:\Users\Krishna Pradeep\.m2\repository\com\jcraft\jsch.agentproxy.sshagent\0.0.9\jsch.agentproxy.sshagent-0.0.9.jar;C:\Users\Krishna Pradeep\.m2\repository\com\jcraft\jsch.agentproxy.core\0.0.9\jsch.agentproxy.core-0.0.9.jar;C:\Users\Krishna Pradeep\.m2\repository\com\jcraft\jsch.agentproxy.jsch\0.0.9\jsch.agentproxy.jsch-0.0.9.jar;C:\Users\Krishna Pradeep\.m2\repository\com\jcraft\jsch.agentproxy.usocket-jna\0.0.9\jsch.agentproxy.usocket-jna-0.0.9.jar;C:\Users\Krishna Pradeep\.m2\repository\net\java\dev\jna\jna\4.1.0\jna-4.1.0.jar;C:\Users\Krishna Pradeep\.m2\repository\net\java\dev\jna\jna-platform\4.1.0\jna-platform-4.1.0.jar;C:\Users\Krishna Pradeep\.m2\repository\org\springframework\cloud\spring-cloud-contract-wiremock\2.2.3.RELEASE\spring-cloud-contract-wiremock-2.2.3.RELEASE.jar;C:\Users\Krishna Pradeep\.m2\repository\com\github\tomakehurst\wiremock-jre8-standalone\2.26.2\wiremock-jre8-standalone-2.26.2.jar;C:\Users\Krishna Pradeep\.m2\repository\org\apache\maven\resolver\maven-resolver-api\1.3.3\maven-resolver-api-1.3.3.jar;C:\Users\Krishna Pradeep\.m2\repository\org\springframework\cloud\spring-cloud-starter-contract-verifier\2.2.3.RELEASE\spring-cloud-starter-contract-verifier-2.2.3.RELEASE.jar;C:\Users\Krishna Pradeep\.m2\repository\org\springframework\cloud\spring-cloud-contract-verifier\2.2.3.RELEASE\spring-cloud-contract-verifier-2.2.3.RELEASE.jar;C:\Users\Krishna Pradeep\.m2\repository\javax\inject\javax.inject\1\javax.inject-1.jar;C:\Users\Krishna Pradeep\.m2\repository\com\rackspace\eclipse\webtools\sourceediting\org.eclipse.wst.xml.xpath2.processor\2.1.100\org.eclipse.wst.xml.xpath2.processor-2.1.100.jar;C:\Users\Krishna Pradeep\.m2\repository\edu\princeton\cup\java-cup\10k\java-cup-10k.jar;C:\Users\Krishna Pradeep\.m2\repository\com\ibm\icu\icu4j\4.6\icu4j-4.6.jar;C:\Users\Krishna Pradeep\.m2\repository\org\codehaus\groovy\groovy\2.5.11\groovy-2.5.11.jar;C:\Users\Krishna Pradeep\.m2\repository\org\codehaus\groovy\groovy-nio\2.5.11\groovy-nio-2.5.11.jar;C:\Users\Krishna Pradeep\.m2\repository\org\codehaus\groovy\groovy-json\2.5.11\groovy-json-2.5.11.jar;C:\Users\Krishna Pradeep\.m2\repository\org\codehaus\groovy\groovy-xml\2.5.11\groovy-xml-2.5.11.jar;C:\Users\Krishna Pradeep\.m2\repository\com\github\jknack\handlebars\4.1.2\handlebars-4.1.2.jar;C:\Users\Krishna Pradeep\.m2\repository\commons-beanutils\commons-beanutils\1.9.4\commons-beanutils-1.9.4.jar;C:\Users\Krishna Pradeep\.m2\repository\commons-logging\commons-logging\1.2\commons-logging-1.2.jar;C:\Users\Krishna Pradeep\.m2\repository\commons-collections\commons-collections\3.2.2\commons-collections-3.2.2.jar;C:\Users\Krishna Pradeep\.m2\repository\com\fasterxml\jackson\dataformat\jackson-dataformat-yaml\2.11.0\jackson-dataformat-yaml-2.11.0.jar;C:\Users\Krishna Pradeep\.m2\repository\org\springframework\cloud\spring-cloud-function-compiler\3.0.8.RELEASE\spring-cloud-function-compiler-3.0.8.RELEASE.jar;C:\Users\Krishna Pradeep\.m2\repository\org\eclipse\jdt\core\compiler\ecj\4.4.2\ecj-4.4.2.jar;C:\Users\Krishna Pradeep\.m2\repository\io\rest-assured\rest-assured\3.3.0\rest-assured-3.3.0.jar;C:\Users\Krishna Pradeep\.m2\repository\org\apache\httpcomponents\httpmime\4.5.12\httpmime-4.5.12.jar;C:\Users\Krishna Pradeep\.m2\repository\org\hamcrest\hamcrest-library\2.2\hamcrest-library-2.2.jar;C:\Users\Krishna Pradeep\.m2\repository\org\ccil\cowan\tagsoup\tagsoup\1.2.1\tagsoup-1.2.1.jar;C:\Users\Krishna Pradeep\.m2\repository\io\rest-assured\json-path\3.3.0\json-path-3.3.0.jar;C:\Users\Krishna Pradeep\.m2\repository\io\rest-assured\rest-assured-common\3.3.0\rest-assured-common-3.3.0.jar;C:\Users\Krishna Pradeep\.m2\repository\io\rest-assured\xml-path\3.3.0\xml-path-3.3.0.jar;C:\Users\Krishna Pradeep\.m2\repository\org\apache\commons\commons-lang3\3.10\commons-lang3-3.10.jar;C:\Users\Krishna Pradeep\.m2\repository\javax\xml\bind\jaxb-api\2.3.1\jaxb-api-2.3.1.jar;C:\Users\Krishna Pradeep\.m2\repository\javax\activation\javax.activation-api\1.2.0\javax.activation-api-1.2.0.jar;C:\Users\Krishna Pradeep\.m2\repository\com\sun\xml\bind\jaxb-osgi\2.2.10\jaxb-osgi-2.2.10.jar;C:\Users\Krishna Pradeep\.m2\repository\org\apache\sling\org.apache.sling.javax.activation\0.1.0\org.apache.sling.javax.activation-0.1.0.jar;C:\Users\Krishna Pradeep\.m2\repository\javax\activation\activation\1.1.1\activation-1.1.1.jar;C:\Users\Krishna Pradeep\.m2\repository\io\rest-assured\spring-mock-mvc\3.3.0\spring-mock-mvc-3.3.0.jar;C:\Users\Krishna Pradeep\.m2\repository\io\rest-assured\spring-commons\3.3.0\spring-commons-3.3.0.jar;C:\Users\Krishna Pradeep\.m2\repository\com\toomuchcoding\jsonassert\jsonassert\0.4.14\jsonassert-0.4.14.jar;C:\Users\Krishna Pradeep\.m2\repository\cglib\cglib\3.2.9\cglib-3.2.9.jar;C:\Users\Krishna Pradeep\.m2\repository\org\ow2\asm\asm\7.0\asm-7.0.jar;C:\Users\Krishna Pradeep\.m2\repository\org\apache\ant\ant\1.10.3\ant-1.10.3.jar;C:\Users\Krishna Pradeep\.m2\repository\org\apache\ant\ant-launcher\1.10.3\ant-launcher-1.10.3.jar;C:\Users\Krishna Pradeep\.m2\repository\org\springframework\cloud\spring-cloud-stream-test-support\3.0.6.RELEASE\spring-cloud-stream-test-support-3.0.6.RELEASE.jar;C:\Users\Krishna Pradeep\.m2\repository\org\springframework\boot\spring-boot-autoconfigure\2.3.0.RELEASE\spring-boot-autoconfigure-2.3.0.RELEASE.jar;C:\Users\Krishna Pradeep\.m2\repository\com\fasterxml\jackson\core\jackson-databind\2.11.0\jackson-databind-2.11.0.jar;C:\Users\Krishna Pradeep\.m2\repository\com\fasterxml\jackson\core\jackson-annotations\2.11.0\jackson-annotations-2.11.0.jar;C:\Users\Krishna Pradeep\.m2\repository\com\fasterxml\jackson\core\jackson-core\2.11.0\jackson-core-2.11.0.jar;"/>
    <property name="sun.cpu.endian" value="little"/>
    <property name="user.home" value="C:\Users\Krishna Pradeep"/>
    <property name="user.language" value="en"/>
    <property name="java.specification.vendor" value="Oracle Corporation"/>
    <property name="java.home" value="C:\Program Files (x86)\Java\jdk1.8.0\jre"/>
    <property name="basedir" value="F:\fraud-detection"/>
    <property name="file.separator" value="\"/>
    <property name="line.separator" value="&#10;"/>
    <property name="java.vm.specification.vendor" value="Oracle Corporation"/>
    <property name="java.specification.name" value="Java Platform API Specification"/>
    <property name="java.awt.graphicsenv" value="sun.awt.Win32GraphicsEnvironment"/>
    <property name="surefire.real.class.path" value="C:\Users\KRISHN~1\AppData\Local\Temp\surefire5667902095435545333\surefirebooter3727477832185141660.jar"/>
    <property name="sun.boot.class.path" value="C:\Program Files (x86)\Java\jdk1.8.0\jre\lib\resources.jar;C:\Program Files (x86)\Java\jdk1.8.0\jre\lib\rt.jar;C:\Program Files (x86)\Java\jdk1.8.0\jre\lib\sunrsasign.jar;C:\Program Files (x86)\Java\jdk1.8.0\jre\lib\jsse.jar;C:\Program Files (x86)\Java\jdk1.8.0\jre\lib\jce.jar;C:\Program Files (x86)\Java\jdk1.8.0\jre\lib\charsets.jar;C:\Program Files (x86)\Java\jdk1.8.0\jre\lib\jfr.jar;C:\Program Files (x86)\Java\jdk1.8.0\jre\classes"/>
    <property name="user.script" value=""/>
    <property name="sun.management.compiler" value="HotSpot Client Compiler"/>
    <property name="java.runtime.version" value="1.8.0-b132"/>
    <property name="user.name" value="Krishna Pradeep"/>
    <property name="path.separator" value=";"/>
    <property name="os.version" value="6.3"/>
    <property name="java.endorsed.dirs" value="C:\Program Files (x86)\Java\jdk1.8.0\jre\lib\endorsed"/>
    <property name="java.runtime.name" value="Java(TM) SE Runtime Environment"/>
    <property name="file.encoding" value="Cp1252"/>
    <property name="java.vm.name" value="Java HotSpot(TM) Client VM"/>
    <property name="localRepository" value="C:\Users\Krishna Pradeep\.m2\repository"/>
    <property name="java.vendor.url.bug" value="http://bugreport.sun.com/bugreport/"/>
    <property name="java.io.tmpdir" value="C:\Users\KRISHN~1\AppData\Local\Temp\"/>
    <property name="java.version" value="1.8.0"/>
    <property name="user.dir" value="F:\fraud-detection"/>
    <property name="os.arch" value="x86"/>
    <property name="java.vm.specification.name" value="Java Virtual Machine Specification"/>
    <property name="java.awt.printerjob" value="sun.awt.windows.WPrinterJob"/>
    <property name="sun.os.patch.level" value=""/>
    <property name="java.library.path" value="C:\Program Files (x86)\Java\jdk1.8.0\jre\bin;C:\Windows\Sun\Java\bin;C:\Windows\system32;C:\Windows;C:\ProgramData\Oracle\Java\javapath;C:\Windows\system32;C:\Windows;C:\Windows\System32\Wbem;C:\Windows\System32\WindowsPowerShell\v1.0\;C:\Program Files\MySQL\MySQL Server 5.5\bin;C:\Program Files\MySQL\MySQL Utilities 1.6\;C:\Program Files (x86)\Skype\Phone\;C:\Program Files\Git\cmd;C:\Program Files (x86)\Java\jdk1.8.0\bin;C:\Program Files\Git\bin;C:\Program Files\dotnet\;C:\Program Files\Microsoft SQL Server\130\Tools\Binn\;F:\Gauge;C:\Program Files\nodejs\;C:\Program Files\Java\jdk1.8.0_77\bin;C:\Program Files\apache-maven-3.6.3;C:\python;C:\Program Files (x86)\Java\jdk1.8.0\bin;C:\Program Files\Gauge\bin;C:\Users\Krishna Pradeep\AppData\Roaming\npm;C:\Program Files\apache-maven-3.6.3\bin;."/>
    <property name="java.vm.info" value="mixed mode, sharing"/>
    <property name="java.vendor" value="Oracle Corporation"/>
    <property name="java.vm.version" value="25.0-b70"/>
    <property name="java.ext.dirs" value="C:\Program Files (x86)\Java\jdk1.8.0\jre\lib\ext;C:\Windows\Sun\Java\lib\ext"/>
    <property name="sun.io.unicode.encoding" value="UnicodeLittle"/>
    <property name="java.class.version" value="52.0"/>
  </properties>
  <testcase name="contextLoads" classname="com.example.frauddetection.FraudDetectionApplicationTests" time="0.216"/>
</testsuite>